[11:16:31] [main/INFO]: Backend library: LWJGL version 3.3.0 SNAPSHOT
[11:32:15] [main/INFO]: Backend library: LWJGL version 3.3.0 SNAPSHOT
[14:49:14] [main/INFO]: Preparing to launch history survival client
[14:49:14] [main/INFO]: History Survival client is ready to start.
[14:49:14] [main/INFO]: Using default game log configuration log4j2.xml (outputs XML)
[14:49:14] [main/INFO]: Starting!
[14:49:14] [main/INFO]: Backend library: LWJGL version 3.3.0 SNAPSHOT
[14:52:50] [main/INFO]: Preparing to launch history survival client
[14:52:50] [main/INFO]: History Survival client is ready to start.
[14:52:50] [main/INFO]: Using default game log configuration log4j2.xml (outputs XML)
[14:52:50] [main/INFO]: Starting!
[14:52:50] [main/INFO]: Backend library: LWJGL version 3.3.0 SNAPSHOT
[14:54:41] [main/INFO]: Preparing to launch history survival client
[14:54:41] [main/INFO]: History Survival client is ready to start.
[14:54:41] [main/INFO]: Using default game log configuration log4j2.xml (outputs XML)
[14:54:41] [main/INFO]: Starting!
[14:54:41] [main/INFO]: Backend library: LWJGL version 3.3.0 SNAPSHOT
[14:55:35] [main/INFO]: Preparing to launch history survival client
[14:55:35] [main/INFO]: History Survival client is ready to start.
[14:55:35] [main/INFO]: Using default game log configuration log4j2.xml (outputs XML)
[14:55:35] [main/INFO]: Starting!
[14:55:35] [main/INFO]: Backend library: LWJGL version 3.3.0 SNAPSHOT
[14:56:50] [main/INFO]: Preparing to launch history survival client
[14:56:50] [main/INFO]: History Survival client is ready to start.
[14:56:50] [main/INFO]: Using default game log configuration log4j2.xml (outputs XML)
[14:56:50] [main/INFO]: Starting!
[14:56:50] [main/INFO]: Backend library: LWJGL version 3.3.0 SNAPSHOT
[15:00:13] [main/INFO]: Preparing to launch history survival client
[15:00:13] [main/INFO]: History Survival client is ready to start.
[15:00:13] [main/INFO]: Using default game log configuration log4j2.xml (outputs XML)
[15:00:13] [main/INFO]: Starting!
[15:00:13] [main/INFO]: Backend library: LWJGL version 3.3.0 SNAPSHOT
[15:00:13] [main/INFO]: Loading for game History Survival
[15:01:49] [main/INFO]: Preparing to launch history survival client
[15:01:49] [main/INFO]: History Survival client is ready to start.
[15:01:49] [main/INFO]: Starting!
[15:01:49] [main/INFO]: Using default game log configuration log4j2.xml (outputs XML)
[15:01:49] [main/INFO]: Loading for game History Survival
[15:01:49] [main/INFO]: Backend library: LWJGL version 3.3.0 SNAPSHOT
[15:01:56] [main/INFO]: Stopping!
[15:02:25] [main/INFO]: Preparing to launch history survival client
[15:02:25] [main/INFO]: History Survival client is ready to start.
[15:02:25] [main/INFO]: Starting!
[15:02:25] [main/INFO]: Using default game log configuration log4j2.xml (outputs XML)
[15:02:25] [main/INFO]: Loading for game History Survival
[15:02:25] [main/INFO]: Backend library: LWJGL version 3.3.0 SNAPSHOT
[15:02:30] [main/INFO]: Stopping!
[15:07:16] [main/INFO]: Preparing to launch history survival client
[15:07:16] [main/INFO]: History Survival client is ready to start.
[15:07:16] [main/INFO]: Starting!
[15:07:16] [main/INFO]: Using default game log configuration log4j2.xml (outputs XML)
[15:07:16] [main/INFO]: Loading for game History Survival
[15:07:16] [main/INFO]: Backend library: LWJGL version 3.3.0 SNAPSHOT
[15:07:25] [main/INFO]: Stopping!
[15:31:02] [main/INFO]: Preparing to launch history survival client
[15:31:02] [main/INFO]: History Survival client is ready to start.
[15:31:02] [main/INFO]: Starting!
[15:31:02] [main/INFO]: Using default game log configuration log4j2.xml (outputs XML)
[15:31:02] [main/INFO]: Loading for game History Survival
[15:31:02] [main/INFO]: Backend library: LWJGL version 3.3.0 SNAPSHOT
[15:31:02] [main/FATAL]: java.lang.RuntimeException: Failed to create GLFW window
[15:31:52] [main/INFO]: Preparing to launch history survival client
[15:31:52] [main/INFO]: History Survival client is ready to start.
[15:31:52] [main/INFO]: Starting!
[15:31:52] [main/INFO]: Using default game log configuration log4j2.xml (outputs XML)
[15:31:52] [main/INFO]: Loading for game History Survival
[15:31:52] [main/INFO]: Backend library: LWJGL version 3.3.0 SNAPSHOT
[15:31:52] [main/FATAL]: java.lang.RuntimeException: Failed to create GLFW window
[15:59:56] [main/INFO]: Preparing to launch history survival client
[15:59:56] [main/INFO]: History Survival client is ready to start.
[15:59:56] [main/INFO]: Starting!
[15:59:56] [main/INFO]: Using default game log configuration log4j2.xml (outputs XML)
[15:59:56] [main/INFO]: Loading for game History Survival
[15:59:56] [main/INFO]: Backend library: LWJGL version 3.3.0 SNAPSHOT
[16:00:30] [main/INFO]: Preparing to launch history survival client
[16:00:30] [main/INFO]: History Survival client is ready to start.
[16:00:30] [main/INFO]: Starting!
[16:00:30] [main/INFO]: Using default game log configuration log4j2.xml (outputs XML)
[16:00:30] [main/INFO]: Loading for game History Survival
[16:00:30] [main/INFO]: Backend library: LWJGL version 3.3.0 SNAPSHOT
[16:00:31] [main/INFO]: Stopping!
